<?xml version="1.0" encoding="UTF-8"?>
<testng-results ignored="0" total="1" passed="1" failed="0" skipped="0">
  <reporter-output>
  </reporter-output>
  <suite started-at="2021-05-25T00:53:57 EDT" name="Default suite" finished-at="2021-05-25T00:54:01 EDT" duration-ms="3555">
    <groups>
    </groups>
    <test started-at="2021-05-25T00:53:57 EDT" name="Default test" finished-at="2021-05-25T00:54:01 EDT" duration-ms="3555">
      <class name="testcasepack.TC_1">
        <test-method signature="testcase1()[pri:0, instance:testcasepack.TC_1@306cf3ea]" started-at="2021-05-25T00:53:57 EDT" name="testcase1" finished-at="2021-05-25T00:54:01 EDT" duration-ms="3480" status="PASS">
          <reporter-output>
          </reporter-output>
        </test-method> <!-- testcase1 -->
      </class> <!-- testcasepack.TC_1 -->
    </test> <!-- Default test -->
  </suite> <!-- Default suite -->
</testng-results>
